2025-10-27 08:31:00,173 - INFO - 🟢 Iniciando Crypto Trading Agent (Windows Service Mode)
2025-10-27 08:31:00,202 - INFO - 🧠 Usando modelo ML para señales
2025-10-27 08:31:00,202 - INFO - 🚀 Agente iniciado | Símbolo: BTC/USDT:USDT | Modo: futures
2025-10-27 08:31:00,202 - INFO - 💓 Evaluando mercado...
2025-10-27 09:00:00,912 - INFO - 💓 Evaluando mercado...
2025-10-27 10:02:29,485 - INFO - 💓 Evaluando mercado...
2025-10-27 10:08:06,633 - ERROR - Error en run_once: binanceusdm GET https://api.binance.com/sapi/v1/capital/config/getall?timestamp=1761570149500&recvWindow=10000&signature=af2b3b28c82a3ae46225ee6b450949f34fac4397eeae5f8498108354809e5674
Traceback (most recent call last):
  File "C:\dev\tradingBot\.venv\Lib\site-packages\urllib3\connectionpool.py", line 464, in _make_request
    self._validate_conn(conn)
    ~~~~~~~~~~~~~~~~~~~^^^^^^
  File "C:\dev\tradingBot\.venv\Lib\site-packages\urllib3\connectionpool.py", line 1093, in _validate_conn
    conn.connect()
    ~~~~~~~~~~~~^^
  File "C:\dev\tradingBot\.venv\Lib\site-packages\urllib3\connection.py", line 790, in connect
    sock_and_verified = _ssl_wrap_socket_and_match_hostname(
        sock=sock,
    ...<14 lines>...
        assert_fingerprint=self.assert_fingerprint,
    )
  File "C:\dev\tradingBot\.venv\Lib\site-packages\urllib3\connection.py", line 969, in _ssl_wrap_socket_and_match_hostname
    ssl_sock = ssl_wrap_socket(
        sock=sock,
    ...<8 lines>...
        tls_in_tls=tls_in_tls,
    )
  File "C:\dev\tradingBot\.venv\Lib\site-packages\urllib3\util\ssl_.py", line 480, in ssl_wrap_socket
    ssl_sock = _ssl_wrap_socket_impl(sock, context, tls_in_tls, server_hostname)
  File "C:\dev\tradingBot\.venv\Lib\site-packages\urllib3\util\ssl_.py", line 524, in _ssl_wrap_socket_impl
    return ssl_context.wrap_socket(sock, server_hostname=server_hostname)
           ~~~~~~~~~~~~~~~~~~~~~~~^^^^^^^^^^^^^^^^^^^^^^^^^^^^^^^^^^^^^^^
  File "C:\Users\felip\anaconda3\Lib\ssl.py", line 455, in wrap_socket
    return self.sslsocket_class._create(
           ~~~~~~~~~~~~~~~~~~~~~~~~~~~~^
        sock=sock,
        ^^^^^^^^^^
    ...<5 lines>...
        session=session
        ^^^^^^^^^^^^^^^
    )
    ^
  File "C:\Users\felip\anaconda3\Lib\ssl.py", line 1076, in _create
    self.do_handshake()
    ~~~~~~~~~~~~~~~~~^^
  File "C:\Users\felip\anaconda3\Lib\ssl.py", line 1372, in do_handshake
    self._sslobj.do_handshake()
    ~~~~~~~~~~~~~~~~~~~~~~~~~^^
TimeoutError: _ssl.c:1011: The handshake operation timed out

The above exception was the direct cause of the following exception:

Traceback (most recent call last):
  File "C:\dev\tradingBot\.venv\Lib\site-packages\requests\adapters.py", line 644, in send
    resp = conn.urlopen(
        method=request.method,
    ...<9 lines>...
        chunked=chunked,
    )
  File "C:\dev\tradingBot\.venv\Lib\site-packages\urllib3\connectionpool.py", line 841, in urlopen
    retries = retries.increment(
        method, url, error=new_e, _pool=self, _stacktrace=sys.exc_info()[2]
    )
  File "C:\dev\tradingBot\.venv\Lib\site-packages\urllib3\util\retry.py", line 474, in increment
    raise reraise(type(error), error, _stacktrace)
          ~~~~~~~^^^^^^^^^^^^^^^^^^^^^^^^^^^^^^^^^
  File "C:\dev\tradingBot\.venv\Lib\site-packages\urllib3\util\util.py", line 39, in reraise
    raise value
  File "C:\dev\tradingBot\.venv\Lib\site-packages\urllib3\connectionpool.py", line 787, in urlopen
    response = self._make_request(
        conn,
    ...<10 lines>...
        **response_kw,
    )
  File "C:\dev\tradingBot\.venv\Lib\site-packages\urllib3\connectionpool.py", line 488, in _make_request
    raise new_e
  File "C:\dev\tradingBot\.venv\Lib\site-packages\urllib3\connectionpool.py", line 466, in _make_request
    self._raise_timeout(err=e, url=url, timeout_value=conn.timeout)
    ~~~~~~~~~~~~~~~~~~~^^^^^^^^^^^^^^^^^^^^^^^^^^^^^^^^^^^^^^^^^^^^
  File "C:\dev\tradingBot\.venv\Lib\site-packages\urllib3\connectionpool.py", line 367, in _raise_timeout
    raise ReadTimeoutError(
        self, url, f"Read timed out. (read timeout={timeout_value})"
    ) from err
urllib3.exceptions.ReadTimeoutError: HTTPSConnectionPool(host='api.binance.com', port=443): Read timed out. (read timeout=10.0)

During handling of the above exception, another exception occurred:

Traceback (most recent call last):
  File "C:\dev\tradingBot\.venv\Lib\site-packages\ccxt\base\exchange.py", line 556, in fetch
    response = self.session.request(
        method,
    ...<5 lines>...
        verify=self.verify and self.validateServerSsl
    )
  File "C:\dev\tradingBot\.venv\Lib\site-packages\requests\sessions.py", line 589, in request
    resp = self.send(prep, **send_kwargs)
  File "C:\dev\tradingBot\.venv\Lib\site-packages\requests\sessions.py", line 703, in send
    r = adapter.send(request, **kwargs)
  File "C:\dev\tradingBot\.venv\Lib\site-packages\requests\adapters.py", line 690, in send
    raise ReadTimeout(e, request=request)
requests.exceptions.ReadTimeout: HTTPSConnectionPool(host='api.binance.com', port=443): Read timed out. (read timeout=10.0)

The above exception was the direct cause of the following exception:

Traceback (most recent call last):
  File "C:\dev\tradingBot\agent.py", line 30, in run_once
    df = fetch_ohlcv(self.symbol, TIMEFRAME)
  File "C:\dev\tradingBot\data.py", line 21, in fetch_ohlcv
    ohlcv = exchange.fetch_ohlcv(symbol, timeframe, limit=limit)
  File "C:\dev\tradingBot\.venv\Lib\site-packages\ccxt\binance.py", line 4540, in fetch_ohlcv
    self.load_markets()
    ~~~~~~~~~~~~~~~~~^^
  File "C:\dev\tradingBot\.venv\Lib\site-packages\ccxt\base\exchange.py", line 1567, in load_markets
    currencies = self.fetch_currencies()
  File "C:\dev\tradingBot\.venv\Lib\site-packages\ccxt\binance.py", line 2848, in fetch_currencies
    promises = [self.sapiGetCapitalConfigGetall(params)]
                ~~~~~~~~~~~~~~~~~~~~~~~~~~~~~~~^^^^^^^^
  File "C:\dev\tradingBot\.venv\Lib\site-packages\ccxt\base\types.py", line 35, in unbound_method
    return _self.request(self.path, self.api, self.method, params, config=self.config)
           ~~~~~~~~~~~~~^^^^^^^^^^^^^^^^^^^^^^^^^^^^^^^^^^^^^^^^^^^^^^^^^^^^^^^^^^^^^^
  File "C:\dev\tradingBot\.venv\Lib\site-packages\ccxt\binance.py", line 11451, in request
    response = self.fetch2(path, api, method, params, headers, body, config)
  File "C:\dev\tradingBot\.venv\Lib\site-packages\ccxt\base\exchange.py", line 4718, in fetch2
    raise e
  File "C:\dev\tradingBot\.venv\Lib\site-packages\ccxt\base\exchange.py", line 4709, in fetch2
    return self.fetch(request['url'], request['method'], request['headers'], request['body'])
           ~~~~~~~~~~^^^^^^^^^^^^^^^^^^^^^^^^^^^^^^^^^^^^^^^^^^^^^^^^^^^^^^^^^^^^^^^^^^^^^^^^
  File "C:\dev\tradingBot\.venv\Lib\site-packages\ccxt\base\exchange.py", line 588, in fetch
    raise RequestTimeout(details) from e
ccxt.base.errors.RequestTimeout: binanceusdm GET https://api.binance.com/sapi/v1/capital/config/getall?timestamp=1761570149500&recvWindow=10000&signature=af2b3b28c82a3ae46225ee6b450949f34fac4397eeae5f8498108354809e5674
2025-10-27 10:25:05,321 - INFO - 🟢 Iniciando Crypto Trading Agent (Windows Service Mode)
2025-10-27 10:25:05,349 - INFO - 🧠 Usando modelo ML para señales
2025-10-27 10:25:05,349 - INFO - 🚀 Agente iniciado | Símbolo: BTC/USDT:USDT | Modo: futures
2025-10-27 10:25:05,350 - INFO - 💓 Evaluando mercado...
2025-10-27 11:00:00,429 - INFO - 💓 Evaluando mercado...
2025-10-27 11:00:00,671 - INFO - 💓 Evaluando mercado...
2025-10-27 12:00:00,083 - INFO - 💓 Evaluando mercado...
2025-10-27 12:00:00,347 - INFO - 💓 Evaluando mercado...
2025-10-27 13:00:00,566 - INFO - 💓 Evaluando mercado...
2025-10-27 13:00:00,883 - INFO - 💓 Evaluando mercado...
2025-10-27 14:00:00,255 - INFO - 💓 Evaluando mercado...
2025-10-27 14:00:00,916 - INFO - 💓 Evaluando mercado...
2025-10-27 15:00:00,126 - INFO - 💓 Evaluando mercado...
2025-10-27 15:00:00,498 - INFO - 💓 Evaluando mercado...
2025-10-27 16:00:00,856 - INFO - 💓 Evaluando mercado...
2025-10-27 16:00:00,987 - INFO - 💓 Evaluando mercado...
2025-10-27 17:00:00,134 - INFO - 💓 Evaluando mercado...
2025-10-27 17:00:00,602 - INFO - 💓 Evaluando mercado...
2025-10-27 18:00:00,711 - INFO - 💓 Evaluando mercado...
2025-10-27 18:00:01,024 - INFO - 💓 Evaluando mercado...
2025-10-27 19:00:00,628 - INFO - 💓 Evaluando mercado...
2025-10-27 19:00:00,996 - INFO - 💓 Evaluando mercado...
2025-10-27 20:00:00,197 - INFO - 💓 Evaluando mercado...
2025-10-27 20:00:00,729 - INFO - 💓 Evaluando mercado...
2025-10-27 20:22:20,714 - INFO - 🛑 Agente detenido por el usuario.
